# JRE version: Java(TM) SE Runtime Environment (8.0_162-b12) (build 1.8.0_162-b12)
# Java VM: Java HotSpot(TM) 64-Bit Server VM (25.162-b12 mixed mode linux-amd64 compressed oops)
Heap:
 PSYoungGen      total 390656K, used 383264K [0x00000000e1780000, 0x00000000fae80000, 0x0000000100000000)
  eden space 380928K, 100% used [0x00000000e1780000,0x00000000f8b80000,0x00000000f8b80000)
  from space 9728K, 24% used [0x00000000fa500000,0x00000000fa748010,0x00000000fae80000)
  to   space 17920K, 42% used [0x00000000f8b80000,0x00000000f9304ca0,0x00000000f9d00000)
 ParOldGen       total 1000960K, used 34862K [0x00000000a4600000, 0x00000000e1780000, 0x00000000e1780000)
  object space 1000960K, 3% used [0x00000000a4600000,0x00000000a680bba8,0x00000000e1780000)
 Metaspace       used 46090K, capacity 48022K, committed 48336K, reserved 1091584K
  class space    used 6184K, capacity 6572K, committed 6656K, reserved 1048576K
GC Heap History (10 events):
Event: 5,305 GC heap after
Heap after GC invocations=11 (full 1):
 PSYoungGen      total 283136K, used 11157K [0x00000000e1780000, 0x00000000f4700000, 0x0000000100000000)
  eden space 268800K, 0% used [0x00000000e1780000,0x00000000e1780000,0x00000000f1e00000)
  from space 14336K, 77% used [0x00000000f2d00000,0x00000000f37e5620,0x00000000f3b00000)
  to   space 15360K, 0% used [0x00000000f1e00000,0x00000000f1e00000,0x00000000f2d00000)
 ParOldGen       total 36864K, used 16966K [0x00000000a4600000, 0x00000000a6a00000, 0x00000000e1780000)
  object space 36864K, 46% used [0x00000000a4600000,0x00000000a5691850,0x00000000a6a00000)
 Metaspace       used 34392K, capacity 35928K, committed 36048K, reserved 1081344K
  class space    used 4569K, capacity 4864K, committed 4864K, reserved 1048576K
}
Event: 5,305 GC heap before
{Heap before GC invocations=12 (full 2):
 PSYoungGen      total 283136K, used 11157K [0x00000000e1780000, 0x00000000f4700000, 0x0000000100000000)
  eden space 268800K, 0% used [0x00000000e1780000,0x00000000e1780000,0x00000000f1e00000)
  from space 14336K, 77% used [0x00000000f2d00000,0x00000000f37e5620,0x00000000f3b00000)
  to   space 15360K, 0% used [0x00000000f1e00000,0x00000000f1e00000,0x00000000f2d00000)
 ParOldGen       total 36864K, used 16966K [0x00000000a4600000, 0x00000000a6a00000, 0x00000000e1780000)
  object space 36864K, 46% used [0x00000000a4600000,0x00000000a5691850,0x00000000a6a00000)
 Metaspace       used 34392K, capacity 35928K, committed 36048K, reserved 1081344K
  class space    used 4569K, capacity 4864K, committed 4864K, reserved 1048576K
Event: 5,388 GC heap after
Heap after GC invocations=12 (full 2):
 PSYoungGen      total 283136K, used 0K [0x00000000e1780000, 0x00000000f4700000, 0x0000000100000000)
  eden space 268800K, 0% used [0x00000000e1780000,0x00000000e1780000,0x00000000f1e00000)
  from space 14336K, 0% used [0x00000000f2d00000,0x00000000f2d00000,0x00000000f3b00000)
  to   space 15360K, 0% used [0x00000000f1e00000,0x00000000f1e00000,0x00000000f2d00000)
 ParOldGen       total 63488K, used 22614K [0x00000000a4600000, 0x00000000a8400000, 0x00000000e1780000)
  object space 63488K, 35% used [0x00000000a4600000,0x00000000a5c159c0,0x00000000a8400000)
 Metaspace       used 34392K, capacity 35928K, committed 36048K, reserved 1081344K
  class space    used 4569K, capacity 4864K, committed 4864K, reserved 1048576K
}
Event: 8,053 GC heap before
{Heap before GC invocations=13 (full 2):
 PSYoungGen      total 283136K, used 268800K [0x00000000e1780000, 0x00000000f4700000, 0x0000000100000000)
  eden space 268800K, 100% used [0x00000000e1780000,0x00000000f1e00000,0x00000000f1e00000)
  from space 14336K, 0% used [0x00000000f2d00000,0x00000000f2d00000,0x00000000f3b00000)
  to   space 15360K, 0% used [0x00000000f1e00000,0x00000000f1e00000,0x00000000f2d00000)
 ParOldGen       total 63488K, used 22614K [0x00000000a4600000, 0x00000000a8400000, 0x00000000e1780000)
  object space 63488K, 35% used [0x00000000a4600000,0x00000000a5c159c0,0x00000000a8400000)
 Metaspace       used 41549K, capacity 43438K, committed 43600K, reserved 1087488K
  class space    used 5625K, capacity 6002K, committed 6016K, reserved 1048576K
Event: 8,079 GC heap after
Heap after GC invocations=13 (full 2):
 PSYoungGen      total 284160K, used 15358K [0x00000000e1780000, 0x00000000fb680000, 0x0000000100000000)
  eden space 268800K, 0% used [0x00000000e1780000,0x00000000e1780000,0x00000000f1e00000)
  from space 15360K, 99% used [0x00000000f1e00000,0x00000000f2cff9a8,0x00000000f2d00000)
  to   space 17920K, 0% used [0x00000000fa500000,0x00000000fa500000,0x00000000fb680000)
 ParOldGen       total 63488K, used 23854K [0x00000000a4600000, 0x00000000a8400000, 0x00000000e1780000)
  object space 63488K, 37% used [0x00000000a4600000,0x00000000a5d4ba78,0x00000000a8400000)
 Metaspace       used 41549K, capacity 43438K, committed 43600K, reserved 1087488K
  class space    used 5625K, capacity 6002K, committed 6016K, reserved 1048576K
}
Event: 14,833 GC heap before
{Heap before GC invocations=14 (full 2):
 PSYoungGen      total 284160K, used 284158K [0x00000000e1780000, 0x00000000fb680000, 0x0000000100000000)
  eden space 268800K, 100% used [0x00000000e1780000,0x00000000f1e00000,0x00000000f1e00000)
  from space 15360K, 99% used [0x00000000f1e00000,0x00000000f2cff9a8,0x00000000f2d00000)
  to   space 17920K, 0% used [0x00000000fa500000,0x00000000fa500000,0x00000000fb680000)
 ParOldGen       total 63488K, used 23854K [0x00000000a4600000, 0x00000000a8400000, 0x00000000e1780000)
  object space 63488K, 37% used [0x00000000a4600000,0x00000000a5d4ba78,0x00000000a8400000)
 Metaspace       used 41585K, capacity 43474K, committed 43600K, reserved 1087488K
  class space    used 5632K, capacity 6008K, committed 6016K, reserved 1048576K
Event: 14,879 GC heap after
Heap after GC invocations=14 (full 2):
 PSYoungGen      total 390656K, used 2336K [0x00000000e1780000, 0x00000000fae80000, 0x0000000100000000)
  eden space 380928K, 0% used [0x00000000e1780000,0x00000000e1780000,0x00000000f8b80000)
  from space 9728K, 24% used [0x00000000fa500000,0x00000000fa748010,0x00000000fae80000)
  to   space 17920K, 0% used [0x00000000f8b80000,0x00000000f8b80000,0x00000000f9d00000)
 ParOldGen       total 63488K, used 34742K [0x00000000a4600000, 0x00000000a8400000, 0x00000000e1780000)
  object space 63488K, 54% used [0x00000000a4600000,0x00000000a67edb48,0x00000000a8400000)
 Metaspace       used 41585K, capacity 43474K, committed 43600K, reserved 1087488K
  class space    used 5632K, capacity 6008K, committed 6016K, reserved 1048576K
}
Event: 26,870 GC heap before
{Heap before GC invocations=15 (full 2):
 PSYoungGen      total 390656K, used 383264K [0x00000000e1780000, 0x00000000fae80000, 0x0000000100000000)
  eden space 380928K, 100% used [0x00000000e1780000,0x00000000f8b80000,0x00000000f8b80000)
  from space 9728K, 24% used [0x00000000fa500000,0x00000000fa748010,0x00000000fae80000)
  to   space 17920K, 0% used [0x00000000f8b80000,0x00000000f8b80000,0x00000000f9d00000)
 ParOldGen       total 63488K, used 34742K [0x00000000a4600000, 0x00000000a8400000, 0x00000000e1780000)
  object space 63488K, 54% used [0x00000000a4600000,0x00000000a67edb48,0x00000000a8400000)
 Metaspace       used 46090K, capacity 48022K, committed 48336K, reserved 1091584K
  class space    used 6184K, capacity 6572K, committed 6656K, reserved 1048576K
Event: 26,921 GC heap after
Heap after GC invocations=15 (full 2):
 PSYoungGen      total 390656K, used 383264K [0x00000000e1780000, 0x00000000fae80000, 0x0000000100000000)
  eden space 380928K, 100% used [0x00000000e1780000,0x00000000f8b80000,0x00000000f8b80000)
  from space 9728K, 24% used [0x00000000fa500000,0x00000000fa748010,0x00000000fae80000)
  to   space 17920K, 42% used [0x00000000f8b80000,0x00000000f9304ca0,0x00000000f9d00000)
 ParOldGen       total 1000960K, used 34862K [0x00000000a4600000, 0x00000000e1780000, 0x00000000e1780000)
  object space 1000960K, 3% used [0x00000000a4600000,0x00000000a680bba8,0x00000000e1780000)
 Metaspace       used 46090K, capacity 48022K, committed 48336K, reserved 1091584K
  class space    used 6184K, capacity 6572K, committed 6656K, reserved 1048576K
}
Event: 26,921 GC heap before
{Heap before GC invocations=16 (full 3):
 PSYoungGen      total 390656K, used 383264K [0x00000000e1780000, 0x00000000fae80000, 0x0000000100000000)
  eden space 380928K, 100% used [0x00000000e1780000,0x00000000f8b80000,0x00000000f8b80000)
  from space 9728K, 24% used [0x00000000fa500000,0x00000000fa748010,0x00000000fae80000)
  to   space 17920K, 42% used [0x00000000f8b80000,0x00000000f9304ca0,0x00000000f9d00000)
 ParOldGen       total 1000960K, used 34862K [0x00000000a4600000, 0x00000000e1780000, 0x00000000e1780000)
  object space 1000960K, 3% used [0x00000000a4600000,0x00000000a680bba8,0x00000000e1780000)
 Metaspace       used 46090K, capacity 48022K, committed 48336K, reserved 1091584K
  class space    used 6184K, capacity 6572K, committed 6656K, reserved 1048576K

