# JRE version: Java(TM) SE Runtime Environment (8.0_162-b12) (build 1.8.0_162-b12)
# Java VM: Java HotSpot(TM) 64-Bit Server VM (25.162-b12 mixed mode linux-amd64 compressed oops)
Heap:
 PSYoungGen      total 326656K, used 322768K [0x00000000e1780000, 0x00000000f6a80000, 0x0000000100000000)
  eden space 311296K, 100% used [0x00000000e1780000,0x00000000f4780000,0x00000000f4780000)
  from space 15360K, 74% used [0x00000000f5800000,0x00000000f6334150,0x00000000f6700000)
  to   space 16896K, 60% used [0x00000000f4780000,0x00000000f5180198,0x00000000f5800000)
 ParOldGen       total 1000960K, used 35943K [0x00000000a4600000, 0x00000000e1780000, 0x00000000e1780000)
  object space 1000960K, 3% used [0x00000000a4600000,0x00000000a6919c48,0x00000000e1780000)
 Metaspace       used 46183K, capacity 48230K, committed 48680K, reserved 1091584K
  class space    used 6211K, capacity 6620K, committed 6696K, reserved 1048576K
GC Heap History (10 events):
Event: 1690,637 GC heap after
Heap after GC invocations=346 (full 4):
 PSYoungGen      total 298496K, used 0K [0x00000000e1780000, 0x00000000f4100000, 0x0000000100000000)
  eden space 292352K, 0% used [0x00000000e1780000,0x00000000e1780000,0x00000000f3500000)
  from space 6144K, 0% used [0x00000000f3b00000,0x00000000f3b00000,0x00000000f4100000)
  to   space 6144K, 0% used [0x00000000f3500000,0x00000000f3500000,0x00000000f3b00000)
 ParOldGen       total 93184K, used 22027K [0x00000000a4600000, 0x00000000aa100000, 0x00000000e1780000)
  object space 93184K, 23% used [0x00000000a4600000,0x00000000a5b82c18,0x00000000aa100000)
 Metaspace       used 45867K, capacity 47682K, committed 48424K, reserved 1091584K
  class space    used 6163K, capacity 6539K, committed 6696K, reserved 1048576K
}
Event: 1704,072 GC heap before
{Heap before GC invocations=347 (full 4):
 PSYoungGen      total 298496K, used 292352K [0x00000000e1780000, 0x00000000f4100000, 0x0000000100000000)
  eden space 292352K, 100% used [0x00000000e1780000,0x00000000f3500000,0x00000000f3500000)
  from space 6144K, 0% used [0x00000000f3b00000,0x00000000f3b00000,0x00000000f4100000)
  to   space 6144K, 0% used [0x00000000f3500000,0x00000000f3500000,0x00000000f3b00000)
 ParOldGen       total 93184K, used 22027K [0x00000000a4600000, 0x00000000aa100000, 0x00000000e1780000)
  object space 93184K, 23% used [0x00000000a4600000,0x00000000a5b82c18,0x00000000aa100000)
 Metaspace       used 46015K, capacity 47950K, committed 48424K, reserved 1091584K
  class space    used 6192K, capacity 6564K, committed 6696K, reserved 1048576K
Event: 1704,087 GC heap after
Heap after GC invocations=347 (full 4):
 PSYoungGen      total 298496K, used 6112K [0x00000000e1780000, 0x00000000f4800000, 0x0000000100000000)
  eden space 292352K, 0% used [0x00000000e1780000,0x00000000e1780000,0x00000000f3500000)
  from space 6144K, 99% used [0x00000000f3500000,0x00000000f3af8020,0x00000000f3b00000)
  to   space 7680K, 0% used [0x00000000f4080000,0x00000000f4080000,0x00000000f4800000)
 ParOldGen       total 93184K, used 22921K [0x00000000a4600000, 0x00000000aa100000, 0x00000000e1780000)
  object space 93184K, 24% used [0x00000000a4600000,0x00000000a5c62548,0x00000000aa100000)
 Metaspace       used 46015K, capacity 47950K, committed 48424K, reserved 1091584K
  class space    used 6192K, capacity 6564K, committed 6696K, reserved 1048576K
}
Event: 1709,866 GC heap before
{Heap before GC invocations=348 (full 4):
 PSYoungGen      total 298496K, used 298464K [0x00000000e1780000, 0x00000000f4800000, 0x0000000100000000)
  eden space 292352K, 100% used [0x00000000e1780000,0x00000000f3500000,0x00000000f3500000)
  from space 6144K, 99% used [0x00000000f3500000,0x00000000f3af8020,0x00000000f3b00000)
  to   space 7680K, 0% used [0x00000000f4080000,0x00000000f4080000,0x00000000f4800000)
 ParOldGen       total 93184K, used 22921K [0x00000000a4600000, 0x00000000aa100000, 0x00000000e1780000)
  object space 93184K, 24% used [0x00000000a4600000,0x00000000a5c62548,0x00000000aa100000)
 Metaspace       used 46036K, capacity 47992K, committed 48424K, reserved 1091584K
  class space    used 6197K, capacity 6572K, committed 6696K, reserved 1048576K
Event: 1709,909 GC heap after
Heap after GC invocations=348 (full 4):
 PSYoungGen      total 302080K, used 7648K [0x00000000e1780000, 0x00000000f5080000, 0x0000000100000000)
  eden space 294400K, 0% used [0x00000000e1780000,0x00000000e1780000,0x00000000f3700000)
  from space 7680K, 99% used [0x00000000f4080000,0x00000000f47f8020,0x00000000f4800000)
  to   space 9728K, 0% used [0x00000000f3700000,0x00000000f3700000,0x00000000f4080000)
 ParOldGen       total 93184K, used 24749K [0x00000000a4600000, 0x00000000aa100000, 0x00000000e1780000)
  object space 93184K, 26% used [0x00000000a4600000,0x00000000a5e2b428,0x00000000aa100000)
 Metaspace       used 46036K, capacity 47992K, committed 48424K, reserved 1091584K
  class space    used 6197K, capacity 6572K, committed 6696K, reserved 1048576K
}
Event: 1713,333 GC heap before
{Heap before GC invocations=349 (full 4):
 PSYoungGen      total 302080K, used 302048K [0x00000000e1780000, 0x00000000f5080000, 0x0000000100000000)
  eden space 294400K, 100% used [0x00000000e1780000,0x00000000f3700000,0x00000000f3700000)
  from space 7680K, 99% used [0x00000000f4080000,0x00000000f47f8020,0x00000000f4800000)
  to   space 9728K, 0% used [0x00000000f3700000,0x00000000f3700000,0x00000000f4080000)
 ParOldGen       total 93184K, used 24749K [0x00000000a4600000, 0x00000000aa100000, 0x00000000e1780000)
  object space 93184K, 26% used [0x00000000a4600000,0x00000000a5e2b428,0x00000000aa100000)
 Metaspace       used 46183K, capacity 48230K, committed 48680K, reserved 1091584K
  class space    used 6211K, capacity 6620K, committed 6696K, reserved 1048576K
Event: 1713,409 GC heap after
Heap after GC invocations=349 (full 4):
 PSYoungGen      total 304128K, used 9696K [0x00000000e1780000, 0x00000000f6700000, 0x0000000100000000)
  eden space 294400K, 0% used [0x00000000e1780000,0x00000000e1780000,0x00000000f3700000)
  from space 9728K, 99% used [0x00000000f3700000,0x00000000f4078150,0x00000000f4080000)
  to   space 15360K, 0% used [0x00000000f5800000,0x00000000f5800000,0x00000000f6700000)
 ParOldGen       total 93184K, used 35935K [0x00000000a4600000, 0x00000000aa100000, 0x00000000e1780000)
  object space 93184K, 38% used [0x00000000a4600000,0x00000000a6917c48,0x00000000aa100000)
 Metaspace       used 46183K, capacity 48230K, committed 48680K, reserved 1091584K
  class space    used 6211K, capacity 6620K, committed 6696K, reserved 1048576K
}
Event: 1719,770 GC heap before
{Heap before GC invocations=350 (full 4):
 PSYoungGen      total 304128K, used 304096K [0x00000000e1780000, 0x00000000f6700000, 0x0000000100000000)
  eden space 294400K, 100% used [0x00000000e1780000,0x00000000f3700000,0x00000000f3700000)
  from space 9728K, 99% used [0x00000000f3700000,0x00000000f4078150,0x00000000f4080000)
  to   space 15360K, 0% used [0x00000000f5800000,0x00000000f5800000,0x00000000f6700000)
 ParOldGen       total 93184K, used 35935K [0x00000000a4600000, 0x00000000aa100000, 0x00000000e1780000)
  object space 93184K, 38% used [0x00000000a4600000,0x00000000a6917c48,0x00000000aa100000)
 Metaspace       used 46183K, capacity 48230K, committed 48680K, reserved 1091584K
  class space    used 6211K, capacity 6620K, committed 6696K, reserved 1048576K
Event: 1719,823 GC heap after
Heap after GC invocations=350 (full 4):
 PSYoungGen      total 326656K, used 11472K [0x00000000e1780000, 0x00000000f6a80000, 0x0000000100000000)
  eden space 311296K, 0% used [0x00000000e1780000,0x00000000e1780000,0x00000000f4780000)
  from space 15360K, 74% used [0x00000000f5800000,0x00000000f6334150,0x00000000f6700000)
  to   space 16896K, 0% used [0x00000000f4780000,0x00000000f4780000,0x00000000f5800000)
 ParOldGen       total 93184K, used 35943K [0x00000000a4600000, 0x00000000aa100000, 0x00000000e1780000)
  object space 93184K, 38% used [0x00000000a4600000,0x00000000a6919c48,0x00000000aa100000)
 Metaspace       used 46183K, capacity 48230K, committed 48680K, reserved 1091584K
  class space    used 6211K, capacity 6620K, committed 6696K, reserved 1048576K
}
Event: 1725,967 GC heap before
{Heap before GC invocations=351 (full 4):
 PSYoungGen      total 326656K, used 322768K [0x00000000e1780000, 0x00000000f6a80000, 0x0000000100000000)
  eden space 311296K, 100% used [0x00000000e1780000,0x00000000f4780000,0x00000000f4780000)
  from space 15360K, 74% used [0x00000000f5800000,0x00000000f6334150,0x00000000f6700000)
  to   space 16896K, 0% used [0x00000000f4780000,0x00000000f4780000,0x00000000f5800000)
 ParOldGen       total 93184K, used 35943K [0x00000000a4600000, 0x00000000aa100000, 0x00000000e1780000)
  object space 93184K, 38% used [0x00000000a4600000,0x00000000a6919c48,0x00000000aa100000)
 Metaspace       used 46183K, capacity 48230K, committed 48680K, reserved 1091584K
  class space    used 6211K, capacity 6620K, committed 6696K, reserved 1048576K

